<?xml version="1.0" encoding="UTF-8"?>
<!-- Generated by org.testng.reporters.JUnitReportReporter -->
<testsuite skipped="0" hostname="LP-5CD120NMT2" name="test.SauceSetup" tests="8" failures="0" timestamp="18 Feb 2022 10:20:32 GMT" time="9.423" errors="0">
  <testcase name="loginpage" time="0.227" classname="test.SauceSetup"/>
  <testcase name="Menubtn" time="8.386" classname="test.SauceSetup"/>
  <testcase name="ProductsPage" time="0.179" classname="test.SauceSetup"/>
  <testcase name="ShoppingCart" time="0.153" classname="test.SauceSetup"/>
  <testcase name="CheckoutInformation" time="0.208" classname="test.SauceSetup"/>
  <testcase name="CheckoutOverview" time="0.059" classname="test.SauceSetup"/>
  <testcase name="CheckoutComplete" time="0.067" classname="test.SauceSetup"/>
  <testcase name="logout" time="0.144" classname="test.SauceSetup"/>
</testsuite> <!-- test.SauceSetup -->
